Start testing: Dec 10 21:00 CST
----------------------------------------------------------
4/4 Testing: test_task4
4/4 Test: test_task4
Command: "/mnt/c/Users/26548/Desktop/Grammar-parser-for-cs2205/build/test_task4"
Directory: /mnt/c/Users/26548/Desktop/Grammar-parser-for-cs2205/build
"test_task4" start time: Dec 10 21:00 CST
Output:
----------------------------------------------------------
<end of output>
Test time =   0.01 sec
----------------------------------------------------------
Test Failed.
"test_task4" end time: Dec 10 21:00 CST
"test_task4" time elapsed: 00:00:00
----------------------------------------------------------

End testing: Dec 10 21:00 CST
